<?xml version="1.0" encoding="UTF-8"?>
<!-- Generated by org.testng.reporters.JUnitReportReporter -->
<testsuite hostname="WIN-L0OFF0S442P" name="cn.gloryroad.DependentTest" tests="4" failures="0" timestamp="26 Sep 2017 01:58:15 GMT" time="0.045" errors="0">
  <testcase name="LogOut" time="0.003" classname="cn.gloryroad.DependentTest"/>
  <testcase name="OpenBrowser" time="0.027" classname="cn.gloryroad.DependentTest"/>
  <testcase name="test123" time="0.002" classname="cn.gloryroad.DependentTest"/>
  <testcase name="SingIn" time="0.013" classname="cn.gloryroad.DependentTest"/>
</testsuite> <!-- cn.gloryroad.DependentTest -->
