<?xml version="1.0" encoding="UTF-8"?>
<!-- Generated by org.testng.reporters.JUnitReportReporter -->
<testsuite hostname="WIN-L0OFF0S442P" name="cn.gloryroad.Grouping" tests="3" failures="0" timestamp="26 Sep 2017 01:29:50 GMT" time="0.054" errors="0">
  <testcase name="dog" time="0.027" classname="cn.gloryroad.Grouping"/>
  <testcase name="cat" time="0.024" classname="cn.gloryroad.Grouping"/>
  <testcase name="feeder" time="0.003" classname="cn.gloryroad.Grouping"/>
</testsuite> <!-- cn.gloryroad.Grouping -->
