<?xml version="1.0" encoding="UTF-8"?>
<!-- Generated by org.testng.reporters.JUnitReportReporter -->
<testsuite hostname="WIN-L0OFF0S442P" name="cn.gloryroad.dataprovider.DataProviderTest" tests="3" failures="0" timestamp="27 Sep 2017 07:29:20 GMT" time="38.537" errors="0">
  <testcase name="f" time="15.219" classname="cn.gloryroad.dataprovider.DataProviderTest"/>
  <testcase name="f" time="9.257" classname="cn.gloryroad.dataprovider.DataProviderTest"/>
  <testcase name="f" time="14.061" classname="cn.gloryroad.dataprovider.DataProviderTest"/>
</testsuite> <!-- cn.gloryroad.dataprovider.DataProviderTest -->
