<?xml version="1.0" encoding="UTF-8"?>
<!-- Generated by org.testng.reporters.JUnitReportReporter -->
<testsuite hostname="WIN-L0OFF0S442P" name="cn.gloryroad.dataprovider.TestDataDrivenByCSVFile" tests="4" failures="0" timestamp="28 Sep 2017 06:54:59 GMT" time="31.077" errors="0">
  <testcase name="testSearch" time="7.310" classname="cn.gloryroad.dataprovider.TestDataDrivenByCSVFile"/>
  <testcase name="testSearch" time="8.383" classname="cn.gloryroad.dataprovider.TestDataDrivenByCSVFile"/>
  <testcase name="testSearch" time="7.962" classname="cn.gloryroad.dataprovider.TestDataDrivenByCSVFile"/>
  <testcase name="testSearch" time="7.422" classname="cn.gloryroad.dataprovider.TestDataDrivenByCSVFile"/>
</testsuite> <!-- cn.gloryroad.dataprovider.TestDataDrivenByCSVFile -->
