<?xml version="1.0" encoding="UTF-8"?>
<!-- Generated by org.testng.reporters.JUnitReportReporter -->
<testsuite hostname="WIN-L0OFF0S442P" name="cn.gloryroad.SequenceTest" tests="4" failures="0" timestamp="26 Sep 2017 02:40:54 GMT" time="0.031" errors="0">
  <testcase name="test4" time="0.002" classname="cn.gloryroad.SequenceTest"/>
  <testcase name="test5" time="0.001" classname="cn.gloryroad.SequenceTest"/>
  <testcase name="test3" time="0.001" classname="cn.gloryroad.SequenceTest"/>
  <testcase name="test1" time="0.027" classname="cn.gloryroad.SequenceTest"/>
</testsuite> <!-- cn.gloryroad.SequenceTest -->
