<?xml version="1.0" encoding="UTF-8"?>
<!-- Generated by org.testng.reporters.JUnitReportReporter -->
<testsuite hostname="WIN-L0OFF0S442P" name="cn.gloryroad.FirstTestNGDemo" tests="1" failures="0" timestamp="26 Sep 2017 00:46:58 GMT" time="11.348" errors="0">
  <testcase name="f" time="11.348" classname="cn.gloryroad.FirstTestNGDemo"/>
</testsuite> <!-- cn.gloryroad.FirstTestNGDemo -->
