<?xml version="1.0" encoding="UTF-8"?>
<!-- Generated by org.testng.reporters.JUnitReportReporter -->
<testsuite hostname="WIN-L0OFF0S442P" name="cn.gloryroad.dataprovider.TestDataDrivenByMysqlDatabase" tests="4" failures="0" timestamp="29 Sep 2017 02:50:57 GMT" time="33.526" errors="0">
  <testcase name="testSearch" time="6.216" classname="cn.gloryroad.dataprovider.TestDataDrivenByMysqlDatabase"/>
  <testcase name="testSearch" time="6.076" classname="cn.gloryroad.dataprovider.TestDataDrivenByMysqlDatabase"/>
  <testcase name="testSearch" time="9.543" classname="cn.gloryroad.dataprovider.TestDataDrivenByMysqlDatabase"/>
  <testcase name="testSearch" time="11.691" classname="cn.gloryroad.dataprovider.TestDataDrivenByMysqlDatabase"/>
</testsuite> <!-- cn.gloryroad.dataprovider.TestDataDrivenByMysqlDatabase -->
