<?xml version="1.0" encoding="UTF-8"?>
<!-- Generated by org.testng.reporters.JUnitReportReporter -->
<testsuite hostname="WIN-L0OFF0S442P" name="cn.gloryroad.FirstTestNGDemo" tests="1" failures="0" timestamp="25 Sep 2017 08:23:09 GMT" time="10.180" errors="0">
  <testcase name="f" time="10.180" classname="cn.gloryroad.FirstTestNGDemo"/>
</testsuite> <!-- cn.gloryroad.FirstTestNGDemo -->
