<?xml version="1.0" encoding="UTF-8"?>
<!-- Generated by org.testng.reporters.JUnitReportReporter -->
<testsuite hostname="WIN-L0OFF0S442P" name="cn.gloryroad.Baidu" tests="1" failures="0" timestamp="26 Sep 2017 00:46:58 GMT" time="3.795" errors="0">
  <testcase name="InBaidu" time="3.795" classname="cn.gloryroad.Baidu"/>
</testsuite> <!-- cn.gloryroad.Baidu -->
