<?xml version="1.0" encoding="UTF-8"?>
<!-- Generated by org.testng.reporters.JUnitReportReporter -->
<testsuite hostname="WIN-L0OFF0S442P" name="moren.FirstTestNGDemo1" tests="1" failures="0" timestamp="25 Sep 2017 08:22:26 GMT" time="17.283" errors="0">
  <testcase name="f" time="17.283" classname="moren.FirstTestNGDemo1"/>
</testsuite> <!-- moren.FirstTestNGDemo1 -->
